{
  "RSpec": {
    "coverage": {
      "/home/dmytro/projects/note-taking-app/app/helpers/application_helper.rb": {
        "lines": [
          1,
          null
        ]
      },
      "/home/dmytro/projects/note-taking-app/app/models/note.rb": {
        "lines": [
          null,
          null,
          1,
          1,
          null,
          1,
          null,
          1,
          2,
          1,
          null,
          1,
          null,
          null,
          null
        ]
      },
      "/home/dmytro/projects/note-taking-app/app/models/application_record.rb": {
        "lines": [
          1,
          1,
          null
        ]
      },
      "/home/dmytro/projects/note-taking-app/app/models/user.rb": {
        "lines": [
          null,
          1,
          null,
          1,
          1,
          null,
          1,
          null,
          1,
          1,
          null
        ]
      },
      "/home/dmytro/projects/note-taking-app/app/controllers/v1/authentication_controller.rb": {
        "lines": [
          null,
          null,
          1,
          1,
          null,
          1,
          6,
          null,
          6,
          5,
          null,
          5,
          null,
          1,
          null,
          null,
          null,
          1,
          null,
          1,
          7,
          7,
          null,
          null,
          7,
          4,
          3,
          0,
          null,
          3,
          null,
          null,
          null
        ]
      },
      "/home/dmytro/projects/note-taking-app/app/controllers/v1_controller.rb": {
        "lines": [
          null,
          null,
          1,
          1,
          null
        ]
      },
      "/home/dmytro/projects/note-taking-app/app/controllers/application_controller.rb": {
        "lines": [
          1,
          null
        ]
      },
      "/home/dmytro/projects/note-taking-app/app/controllers/v1/notes_controller.rb": {
        "lines": [
          null,
          null,
          1,
          1,
          null,
          1,
          2,
          null,
          2,
          null,
          null,
          1,
          1,
          null,
          null,
          1,
          null,
          1,
          1,
          null,
          null
        ]
      },
      "/home/dmytro/projects/note-taking-app/app/controllers/v1/users/notes_controller.rb": {
        "lines": [
          null,
          null,
          1,
          1,
          1,
          null,
          1,
          1,
          1,
          null,
          1,
          null,
          null,
          1,
          1,
          1,
          null,
          0,
          null,
          null,
          null,
          1,
          2,
          null,
          2,
          null,
          null,
          1,
          null,
          1,
          2,
          null,
          null,
          1,
          5,
          null,
          null
        ]
      },
      "/home/dmytro/projects/note-taking-app/lib/json_web_token.rb": {
        "lines": [
          null,
          null,
          1,
          1,
          null,
          1,
          5,
          5,
          null,
          null,
          1,
          7,
          4,
          null,
          null
        ]
      },
      "/home/dmytro/projects/note-taking-app/app/channels/application_cable/channel.rb": {
        "lines": [
          0,
          0,
          0,
          0
        ],
        "branches": {
        }
      },
      "/home/dmytro/projects/note-taking-app/app/channels/application_cable/connection.rb": {
        "lines": [
          0,
          0,
          0,
          0
        ],
        "branches": {
        }
      },
      "/home/dmytro/projects/note-taking-app/app/controllers/v1/users_controller.rb": {
        "lines": [
          null,
          null,
          0,
          0
        ],
        "branches": {
        }
      },
      "/home/dmytro/projects/note-taking-app/app/jobs/application_job.rb": {
        "lines": [
          0,
          null,
          null,
          null,
          null,
          null,
          0
        ],
        "branches": {
        }
      },
      "/home/dmytro/projects/note-taking-app/app/mailers/application_mailer.rb": {
        "lines": [
          0,
          0,
          0,
          0
        ],
        "branches": {
        }
      }
    },
    "timestamp": 1710274020
  }
}
