<?xml version='1.0'?> 
<!DOCTYPE coverage SYSTEM "http://cobertura.sourceforge.net/xml/coverage-04.dtd">
<!-- Generated by simplecov-cobertura version 2.1.0 (https://github.com/dashingrocket/simplecov-cobertura) -->
<coverage line-rate="0.8" lines-covered="71" lines-valid="89" complexity="0" version="0" timestamp="1710274020">
  <sources>
    <source>/home/dmytro/projects/note-taking-app</source>
  </sources>
  <packages>
    <package name="Controllers" line-rate="0.92" complexity="0">
      <classes>
        <class name="application_controller" filename="app/controllers/application_controller.rb" line-rate="1.0" complexity="0">
          <methods/>
          <lines>
            <line number="1" hits="1"/>
          </lines>
        </class>
        <class name="authentication_controller" filename="app/controllers/v1/authentication_controller.rb" line-rate="0.94" complexity="0">
          <methods/>
          <lines>
            <line number="3" hits="1"/>
            <line number="4" hits="1"/>
            <line number="6" hits="1"/>
            <line number="7" hits="6"/>
            <line number="9" hits="6"/>
            <line number="10" hits="5"/>
            <line number="12" hits="5"/>
            <line number="14" hits="1"/>
            <line number="18" hits="1"/>
            <line number="20" hits="1"/>
            <line number="21" hits="7"/>
            <line number="22" hits="7"/>
            <line number="25" hits="7"/>
            <line number="26" hits="4"/>
            <line number="27" hits="3"/>
            <line number="28" hits="0"/>
            <line number="30" hits="3"/>
          </lines>
        </class>
        <class name="notes_controller" filename="app/controllers/v1/notes_controller.rb" line-rate="1.0" complexity="0">
          <methods/>
          <lines>
            <line number="3" hits="1"/>
            <line number="4" hits="1"/>
            <line number="6" hits="1"/>
            <line number="7" hits="2"/>
            <line number="9" hits="2"/>
            <line number="12" hits="1"/>
            <line number="13" hits="1"/>
            <line number="16" hits="1"/>
            <line number="18" hits="1"/>
            <line number="19" hits="1"/>
          </lines>
        </class>
        <class name="notes_controller" filename="app/controllers/v1/users/notes_controller.rb" line-rate="0.95" complexity="0">
          <methods/>
          <lines>
            <line number="3" hits="1"/>
            <line number="4" hits="1"/>
            <line number="5" hits="1"/>
            <line number="7" hits="1"/>
            <line number="8" hits="1"/>
            <line number="9" hits="1"/>
            <line number="11" hits="1"/>
            <line number="14" hits="1"/>
            <line number="15" hits="1"/>
            <line number="16" hits="1"/>
            <line number="18" hits="0"/>
            <line number="22" hits="1"/>
            <line number="23" hits="2"/>
            <line number="25" hits="2"/>
            <line number="28" hits="1"/>
            <line number="30" hits="1"/>
            <line number="31" hits="2"/>
            <line number="34" hits="1"/>
            <line number="35" hits="5"/>
          </lines>
        </class>
        <class name="users_controller" filename="app/controllers/v1/users_controller.rb" line-rate="0.0" complexity="0">
          <methods/>
          <lines>
            <line number="3" hits="0"/>
            <line number="4" hits="0"/>
          </lines>
        </class>
        <class name="v1_controller" filename="app/controllers/v1_controller.rb" line-rate="1.0" complexity="0">
          <methods/>
          <lines>
            <line number="3" hits="1"/>
            <line number="4" hits="1"/>
          </lines>
        </class>
      </classes>
    </package>
    <package name="Channels" line-rate="0.0" complexity="0">
      <classes>
        <class name="channel" filename="app/channels/application_cable/channel.rb" line-rate="0.0" complexity="0">
          <methods/>
          <lines>
            <line number="1" hits="0"/>
            <line number="2" hits="0"/>
            <line number="3" hits="0"/>
            <line number="4" hits="0"/>
          </lines>
        </class>
        <class name="connection" filename="app/channels/application_cable/connection.rb" line-rate="0.0" complexity="0">
          <methods/>
          <lines>
            <line number="1" hits="0"/>
            <line number="2" hits="0"/>
            <line number="3" hits="0"/>
            <line number="4" hits="0"/>
          </lines>
        </class>
      </classes>
    </package>
    <package name="Models" line-rate="1.0" complexity="0">
      <classes>
        <class name="application_record" filename="app/models/application_record.rb" line-rate="1.0" complexity="0">
          <methods/>
          <lines>
            <line number="1" hits="1"/>
            <line number="2" hits="1"/>
          </lines>
        </class>
        <class name="note" filename="app/models/note.rb" line-rate="1.0" complexity="0">
          <methods/>
          <lines>
            <line number="3" hits="1"/>
            <line number="4" hits="1"/>
            <line number="6" hits="1"/>
            <line number="8" hits="1"/>
            <line number="9" hits="2"/>
            <line number="10" hits="1"/>
            <line number="12" hits="1"/>
          </lines>
        </class>
        <class name="user" filename="app/models/user.rb" line-rate="1.0" complexity="0">
          <methods/>
          <lines>
            <line number="2" hits="1"/>
            <line number="4" hits="1"/>
            <line number="5" hits="1"/>
            <line number="7" hits="1"/>
            <line number="9" hits="1"/>
            <line number="10" hits="1"/>
          </lines>
        </class>
      </classes>
    </package>
    <package name="Mailers" line-rate="0.0" complexity="0">
      <classes>
        <class name="application_mailer" filename="app/mailers/application_mailer.rb" line-rate="0.0" complexity="0">
          <methods/>
          <lines>
            <line number="1" hits="0"/>
            <line number="2" hits="0"/>
            <line number="3" hits="0"/>
            <line number="4" hits="0"/>
          </lines>
        </class>
      </classes>
    </package>
    <package name="Helpers" line-rate="1.0" complexity="0">
      <classes>
        <class name="application_helper" filename="app/helpers/application_helper.rb" line-rate="1.0" complexity="0">
          <methods/>
          <lines>
            <line number="1" hits="1"/>
          </lines>
        </class>
      </classes>
    </package>
    <package name="Jobs" line-rate="0.0" complexity="0">
      <classes>
        <class name="application_job" filename="app/jobs/application_job.rb" line-rate="0.0" complexity="0">
          <methods/>
          <lines>
            <line number="1" hits="0"/>
            <line number="7" hits="0"/>
          </lines>
        </class>
      </classes>
    </package>
    <package name="Libraries" line-rate="1.0" complexity="0">
      <classes>
        <class name="json_web_token" filename="lib/json_web_token.rb" line-rate="1.0" complexity="0">
          <methods/>
          <lines>
            <line number="3" hits="1"/>
            <line number="4" hits="1"/>
            <line number="6" hits="1"/>
            <line number="7" hits="5"/>
            <line number="8" hits="5"/>
            <line number="11" hits="1"/>
            <line number="12" hits="7"/>
            <line number="13" hits="4"/>
          </lines>
        </class>
      </classes>
    </package>
  </packages>
</coverage>